>> SG_SolarSystem
Size of float:      4 bits
Size of double:     8 bits
Size of long double:8 bits
Seed: 6
Earth Estimate temperature   : 14 C
Temperature relative to Earth: 0 C
>> generateSolarSystem
   planets created
   GasGiant set
   Axial tilt set
   Dust and gas mass set
Planet No 1
Orbit    = 0.387AU
base_angular_velocity = 6.96122e-05
ang_velocity = -0.0129943
Gas lifetime H2  = 0.000681074 years
Gas lifetime H2O = 0.000191452 years
Gas lifetime N   = 0.000168159 years
Gas lifetime N2  = 0.000350248 years
surface temperature  = 166.929 C
greenhouse temperature = -64.5574
    * GreenHouse Effect running
Water:  0 %
Clouds: 0 %
Ice:    0 %
Albedo: 0.07
 number_of_gas :0
Gravity    = 0.372581
Temperature= 152.929
Type       = 1
Pressure   = 0
Earthlike  = false
===============================================
Planet No 2
Orbit    = 0.723AU
base_angular_velocity = 0.00011003
ang_velocity = 5.82255e-05
Gas lifetime H2  = 0.00115773 years
Gas lifetime H2O = inf years
Gas lifetime N   = 6.53929e+09 years
Gas lifetime N2  = inf years
surface temperature  = 710.332 C
greenhouse temperature = 614.279
    * GreenHouse Effect running
Water:  0 %
Clouds: 100 %
Ice:    0 %
Albedo: 0.52
gas =N2
  abund :3.13329
 *pvrms :0.982987
 *react :1
 *pres2 :237.344
 *fract :0.00351957
 =amount:0.0108402
gas =O
  abund :23.8232
 *pvrms :0.984071
 *react :0
 *pres2 :237.344
 *fract :0.12763
 =amount:0
gas =O3
  abund :1e-06
 *pvrms :0.990766
 *react :0
 *pres2 :237.344
 *fract :0.709221
 =amount:0
gas =Ne
  abund :3.4435e-05
 *pvrms :0.985798
 *react :1
 *pres2 :237.344
 *fract :0.308012
 =amount:1.04558e-05
gas =Ar
  abund :0.100925
 *pvrms :0.989884
 *react :0.2375
 *pres2 :1
 *fract :0.650611
 =amount:0.0154372
gas =Kr
  abund :4.4978e-05
 *pvrms :0.993002
 *react :1
 *pres2 :237.344
 *fract :0.833444
 =amount:3.72243e-05
gas =Xe
  abund :4.6989e-06
 *pvrms :0.994405
 *react :1
 *pres2 :237.344
 *fract :0.893698
 =amount:4.1759e-06
gas =NH3
  abund :0.0001
 *pvrms :0.984542
 *react :0
 *pres2 :237.344
 *fract :0.178976
 =amount:0
gas =H2O
  abund :0.001
 *pvrms :0.984974
 *react :1
 *pres2 :237.344
 *fract :0.224589
 =amount:0.000221214
gas =CO2
  abund :0.0005
 *pvrms :0.990358
 *react :1
 *pres2 :237.344
 *fract :0.682786
 =amount:0.000338101
gas =CH4
  abund :0.0001
 *pvrms :0.984071
 *react :0
 *pres2 :237.344
 *fract :0.127662
 =amount:0
 number_of_gas :10
 gas :N2
 partial_pressure :37972.1
 pourcentage :40
 gas :O3
 partial_pressure :0
 pourcentage :0
 gas :Ne
 partial_pressure :36.6253
 pourcentage :0
 gas :Ar
 partial_pressure :54074.7
 pourcentage :57
 gas :Kr
 partial_pressure :130.393
 pourcentage :0
 gas :Xe
 partial_pressure :14.6277
 pourcentage :0
 gas :NH3
 partial_pressure :0
 pourcentage :0
 gas :H2O
 partial_pressure :774.888
 pourcentage :0
 gas :CO2
 partial_pressure :1184.33
 pourcentage :1
 gas :CH4
 partial_pressure :0
 pourcentage :0
Gravity    = 0.930833
Temperature= 696.332
Type       = 2
Pressure   = 94187.6
Earthlike  = false
===============================================
Planet No 3
Orbit    = 1AU
base_angular_velocity = 0.000114015
ang_velocity = 0.00010754
Gas lifetime H2  = 0.220992 years
Gas lifetime H2O = inf years
Gas lifetime N   = inf years
Gas lifetime N2  = inf years
surface temperature  = 15.998 C
greenhouse temperature = -24.7831
Water:  70.99 %
Clouds: 57.1239 %
Ice:    1.75386 %
Albedo: 0.330146
gas =N2
  abund :3.13329
 *pvrms :0.981343
 *react :1.5
 *pres2 :1.76286
 *fract :0.546191
 =amount:2.51917
gas =O
  abund :23.8232
 *pvrms :0.98253
 *react :0.0318405
 *pres2 :1.14322
 *fract :0.602712
 =amount:0.449196
gas =O3
  abund :1e-06
 *pvrms :0.989869
 *react :0.0701772
 *pres2 :1.76286
 *fract :0.867576
 =amount:6.02673e-08
gas =Ne
  abund :3.4435e-05
 *pvrms :0.984423
 *react :1.5
 *pres2 :1.76286
 *fract :0.68486
 =amount:3.48237e-05
gas =Ar
  abund :0.100925
 *pvrms :0.988901
 *react :0.2375
 *pres2 :1
 *fract :0.840884
 =amount:0.019932
gas =Kr
  abund :4.4978e-05
 *pvrms :0.992321
 *react :1.5
 *pres2 :1.76286
 *fract :0.924148
 =amount:6.18707e-05
gas =Xe
  abund :4.6989e-06
 *pvrms :0.99386
 *react :1.5
 *pres2 :1.76286
 *fract :0.951589
 =amount:6.66595e-06
gas =NH3
  abund :0.0001
 *pvrms :0.983047
 *react :0.217281
 *pres2 :1.76286
 *fract :0.626096
 =amount:1.33732e-05
gas =CO2
  abund :0.0005
 *pvrms :0.989421
 *react :1.5
 *pres2 :1.76286
 *fract :0.855537
 =amount:0.000634865
gas =CH4
  abund :0.0001
 *pvrms :0.982531
 *react :0.217281
 *pres2 :1.76286
 *fract :0.602727
 =amount:1.28673e-05
 number_of_gas :10
 gas :N2
 partial_pressure :853.637
 pourcentage :84
 gas :O
 partial_pressure :152.213
 pourcentage :15
 gas :O3
 partial_pressure :2.0422e-05
 pourcentage :0
 gas :Ne
 partial_pressure :0.0118003
 pourcentage :0
 gas :Ar
 partial_pressure :6.75411
 pourcentage :0
 gas :Kr
 partial_pressure :0.0209653
 pourcentage :0
 gas :Xe
 partial_pressure :0.0022588
 pourcentage :0
 gas :NH3
 partial_pressure :0.00453161
 pourcentage :0
 gas :CO2
 partial_pressure :0.215128
 pourcentage :0
 gas :CH4
 partial_pressure :0.00436018
 pourcentage :0
Gravity    = 0.999478
Temperature= 1.998
Type       = 3
Pressure   = 1012.86
Earthlike  = true
===============================================
Planet No 4
Orbit    = 1.524AU
base_angular_velocity = 7.79004e-05
ang_velocity = 7.56539e-05
Gas lifetime H2  = 0.00205933 years
Gas lifetime H2O = inf years
Gas lifetime N   = inf years
Gas lifetime N2  = inf years
surface temperature  = -72.2799 C
greenhouse temperature = -1.862e+12
Water:  0 %
Clouds: 0.0945999 %
Ice:    49.7102 %
Albedo: 0.423496
gas =N2
  abund :3.13329
 *pvrms :0.952194
 *react :1
 *pres2 :1.90421
 *fract :0.127384
 =amount:0.380051
gas =O
  abund :23.8232
 *pvrms :0.955186
 *react :1.10263e-05
 *pres2 :1.90421
 *fract :0.236067
 =amount:5.92316e-05
gas =O3
  abund :1e-06
 *pvrms :0.973827
 *react :0.00535371
 *pres2 :1.90421
 *fract :0.745365
 =amount:3.88603e-09
gas =Ne
  abund :3.4435e-05
 *pvrms :0.959969
 *react :1
 *pres2 :1.90421
 *fract :0.394027
 =amount:1.30252e-05
gas =Ar
  abund :0.100925
 *pvrms :0.971354
 *react :0.2375
 *pres2 :1
 *fract :0.694041
 =amount:0.0161594
gas =Kr
  abund :4.4978e-05
 *pvrms :0.980115
 *react :1
 *pres2 :1.90421
 *fract :0.854147
 =amount:3.76539e-05
gas =Xe
  abund :4.6989e-06
 *pvrms :0.984076
 *react :1
 *pres2 :1.90421
 *fract :0.906912
 =amount:4.19363e-06
gas =NH3
  abund :0.0001
 *pvrms :0.95649
 *react :0.0368927
 *pres2 :1.90421
 *fract :0.281031
 =amount:9.9169e-07
gas =CO2
  abund :0.0005
 *pvrms :0.972682
 *react :1
 *pres2 :1.90421
 *fract :0.722217
 =amount:0.000351244
gas =CH4
  abund :0.0001
 *pvrms :0.955187
 *react :0.0368927
 *pres2 :1.90421
 *fract :0.236096
 =amount:8.31989e-07
 number_of_gas :10
 gas :N2
 partial_pressure :11.1934
 pourcentage :95
 gas :O
 partial_pressure :0.00174452
 pourcentage :0
 gas :O3
 partial_pressure :1.14453e-07
 pourcentage :0
 gas :Ne
 partial_pressure :0.000383623
 pourcentage :0
 gas :Ar
 partial_pressure :0.475934
 pourcentage :4
 gas :Kr
 partial_pressure :0.001109
 pourcentage :0
 gas :Xe
 partial_pressure :0.000123513
 pourcentage :0
 gas :NH3
 partial_pressure :2.92077e-05
 pourcentage :0
 gas :CO2
 partial_pressure :0.010345
 pourcentage :0
 gas :CH4
 partial_pressure :2.45041e-05
 pourcentage :0
Gravity    = 0.466584
Temperature= -86.2799
Type       = 5
Pressure   = 11.6831
Earthlike  = false
===============================================
Planet No 5
Orbit    = 2.767AU
base_angular_velocity = 2.54928e-05
ang_velocity = 2.011e-05
Gas lifetime H2  = 0.000754006 years
Gas lifetime H2O = 0.000181717 years
Gas lifetime N   = 0.00016587 years
Gas lifetime N2  = 0.000301949 years
surface temperature  = -108.568 C
greenhouse temperature = -nan
Water:  0 %
Clouds: 0 %
Ice:    0 %
Albedo: 0.07
 number_of_gas :0
Gravity    = 0.0499674
Temperature= -122.568
Type       = 10
Pressure   = 0
Earthlike  = false
===============================================
Planet No 6
Orbit    = 5.203AU
base_angular_velocity = 0.000233012
ang_velocity = 0.000233012
Earthlike  = false
===============================================
Planet No 7
Orbit    = 9.539AU
base_angular_velocity = 0.000172317
ang_velocity = 0.000172317
Earthlike  = false
===============================================
Planet No 8
Orbit    = 19.191AU
base_angular_velocity = 0.000109893
ang_velocity = 0.000109893
Earthlike  = false
===============================================
Planet No 9
Orbit    = 30.061AU
base_angular_velocity = 0.000109566
ang_velocity = 0.000109566
Earthlike  = false
===============================================
Planet No 10
Orbit    = 39.529AU
base_angular_velocity = 2.98843e-05
ang_velocity = 2.98843e-05
Gas lifetime H2  = inf years
Gas lifetime H2O = inf years
Gas lifetime N   = inf years
Gas lifetime N2  = inf years
surface temperature  = -230.572 C
greenhouse temperature = -7.35338
Water:  0 %
Clouds: 2.15817e-10 %
Ice:    0.0130636 %
Albedo: 0.150072
gas =H
  abund :27925.4
 *pvrms :0.050498
 *react :0.0388081
 *pres2 :1.875
 *fract :0.628597
 =amount:34.4008
gas =He
  abund :2722.7
 *pvrms :0.179462
 *react :1
 *pres2 :1.875
 *fract :0.906477
 =amount:442.922
gas =Ne
  abund :3.4435e-05
 *pvrms :0.432283
 *react :1
 *pres2 :1.875
 *fract :0.981441
 =amount:1.46094e-05
 number_of_gas :3
 gas :H
 partial_pressure :5.21409e-07
 pourcentage :7
 gas :He
 partial_pressure :6.71333e-06
 pourcentage :92
 gas :Ne
 partial_pressure :2.21433e-13
 pourcentage :0
Gravity    = 0.0686651
Temperature= -244.572
Type       = 1
Pressure   = 7.23474e-06
Earthlike  = false
===============================================
   climate calculated
   file created
   system cleared
